<?xml version="1.0" encoding="UTF-8"?>
<testng-results skipped="0" failed="0" ignored="0" total="1" passed="1">
  <reporter-output>
  </reporter-output>
  <suite name="Suite" duration-ms="175097" started-at="2018-05-06T16:49:48Z" finished-at="2018-05-06T16:52:44Z">
    <groups>
    </groups>
    <test name="Test" duration-ms="175097" started-at="2018-05-06T16:49:48Z" finished-at="2018-05-06T16:52:44Z">
      <class name="Demo.practiceTest">
        <test-method status="PASS" signature="basePageNavigation()[pri:0, instance:Demo.practiceTest@90f6bfd]" name="basePageNavigation" duration-ms="175064" started-at="2018-05-06T22:19:48Z" finished-at="2018-05-06T22:22:44Z">
          <reporter-output>
          </reporter-output>
        </test-method> <!-- basePageNavigation -->
      </class> <!-- Demo.practiceTest -->
    </test> <!-- Test -->
  </suite> <!-- Suite -->
</testng-results>
